***************************initial*********************************
ASYNC_SIGNALS=False
no_proxy=localhost, .jrc.it, .jrc.ec.europa.eu, 172.0.0.0/8, .biopama.org, geoserver4geonode, db4geonode
DATABASE_URL=postgresql://h05geonode:Changeme!@h05-srv-dbp96.jrc.it:5432/d6geonode
HOSTNAME=c19817d37901
PYTHON_VERSION=2.7.16
TIME_ENABLED=True
ALLOWED_HOSTS=['geonode-rris.biopama.org', 'h05-stg-vm14.jrc.it', 'h05-dev-vm36.jrc.it', 'h05-srv-dbp96.jrc.it', '139.191.147.129', 'pgsql-dev2.jrc.it']
C_FORCE_ROOT=1
MOSAIC_ENABLED=False
DEFAULT_BACKEND_UPLOADER=geonode.importer
MAX_DOCUMENT_SIZE=2
PWD=/usr/src/app
HAYSTACK_ENGINE_INDEX_NAME=haystack
OGC_REQUEST_TIMEOUT=300
UWSGI_CMD=uwsgi --ini /usr/src/app/uwsgi.ini
STATIC_ROOT=/mnt/volumes/statics/static/
_=/usr/bin/env
ftp_proxy=http://10.168.209.73:8012
BROKER_URL=amqp://guest:guest@rabbitmq:5672
HOME=/root
LANG=C.UTF-8
DEFAULT_BACKEND_DATASTORE=datastore
HAYSTACK_ENGINE_URL=http://elasticsearch:9200/
GPG_KEY=C01E1CAD5EA2C4F0B8E3571504C367C218ADD4FF
https_proxy=http://10.168.209.73:8012
HAYSTACK_SEARCH_RESULTS_PER_PAGE=200
DJANGO_SETTINGS_MODULE=geonode.settings
SITEURL=http://h05-dev-vm36.jrc.it/
GEONODE_LB_HOST_IP=h05-dev-vm36.jrc.it
GEOSERVER_LOCATION=http://geoserver4geonode:8080/geoserver/
HAYSTACK_SEARCH=False
GEONODE_INSTANCE_NAME=geonode
PYTHONIOENCODING=UTF-8
SHLVL=1
ALLOWED_DOCUMENT_TYPES=['doc', 'docx', 'gif', 'jpg', 'jpeg', 'ods', 'odt', 'odp', 'pdf', 'png','ppt', 'pptx', 'rar', 'sld', 'tif', 'tiff', 'txt', 'xls', 'xlsx', 'xml', 'zip', 'gz', 'qml']
GEODATABASE_URL=postgis://h05geonode:Changeme!@h05-srv-dbp96.jrc.it:5432/d6geonodegis
GEONODE_GEODATABASE_PASSWORD=geonode_data
IS_CELERY=false
GEONODE_DATABASE_PASSWORD=geonode
PYTHON_PIP_VERSION=19.2.1
http_proxy=http://10.168.209.73:8012
GEOSERVER_PUBLIC_LOCATION=http://h05-dev-vm36.jrc.it/geoserver/
GEOSERVER_ADMIN_PASSWORD=RaN6wAGxrSmAEKRu
PYTHON_GET_PIP_SHA256=56bb63d3cf54e7444351256f72a60f575f6d8c7f1faacffae33167afc8e7609d
GEOIP_PATH=/mnt/volumes/statics/geoip.db
SITE_HOST_SCHEMA=http
GEONODE_GEODATABASE=geonode_data
PYTHON_GET_PIP_URL=https://github.com/pypa/get-pip/raw/404c9418e33c5031b1a9ab623168b3e8a2ed8c88/get-pip.py
GEOSERVER_ADMIN_USER=gndadm
GEONODE_DATABASE=geonode
PATH=/usr/local/bin:/usr/local/sbin:/usr/local/bin:/usr/sbin:/usr/bin:/sbin:/bin
GEONODE_LB_PORT=80
DOCKER_ENV=production
DOCKER_API_VERSION="1.24"
GEOSERVER_WEB_UI_LOCATION=http://h05-dev-vm36.jrc.it/geoserver/
DEBUG=False
MEDIA_ROOT=/mnt/volumes/statics/uploaded/
Public Hostname or IP is h05-dev-vm36.jrc.it
Public PORT is 80
****************************final**********************************
ASYNC_SIGNALS=False
no_proxy=localhost, .jrc.it, .jrc.ec.europa.eu, 172.0.0.0/8, .biopama.org, geoserver4geonode, db4geonode
DATABASE_URL=postgresql://h05geonode:Changeme!@h05-srv-dbp96.jrc.it:5432/d6geonode
HOSTNAME=c19817d37901
PYTHON_VERSION=2.7.16
TIME_ENABLED=True
ALLOWED_HOSTS=['geonode-rris.biopama.org', 'h05-stg-vm14.jrc.it', 'h05-dev-vm36.jrc.it', 'h05-srv-dbp96.jrc.it', '139.191.147.129', 'pgsql-dev2.jrc.it']
C_FORCE_ROOT=1
MOSAIC_ENABLED=False
DEFAULT_BACKEND_UPLOADER=geonode.importer
MAX_DOCUMENT_SIZE=2
PWD=/usr/src/app
HAYSTACK_ENGINE_INDEX_NAME=haystack
OGC_REQUEST_TIMEOUT=300
UWSGI_CMD=uwsgi --ini /usr/src/app/uwsgi.ini
STATIC_ROOT=/mnt/volumes/statics/static/
_=/usr/bin/env
ftp_proxy=http://10.168.209.73:8012
BROKER_URL=amqp://guest:guest@rabbitmq:5672
HOME=/root
LANG=C.UTF-8
DEFAULT_BACKEND_DATASTORE=datastore
HAYSTACK_ENGINE_URL=http://elasticsearch:9200/
GPG_KEY=C01E1CAD5EA2C4F0B8E3571504C367C218ADD4FF
https_proxy=http://10.168.209.73:8012
HAYSTACK_SEARCH_RESULTS_PER_PAGE=200
DJANGO_SETTINGS_MODULE=geonode.settings
SITEURL=http://h05-dev-vm36.jrc.it/
GEONODE_LB_HOST_IP=h05-dev-vm36.jrc.it
GEOSERVER_LOCATION=http://geoserver4geonode:8080/geoserver/
HAYSTACK_SEARCH=False
GEONODE_INSTANCE_NAME=geonode
PYTHONIOENCODING=UTF-8
SHLVL=1
ALLOWED_DOCUMENT_TYPES=['doc', 'docx', 'gif', 'jpg', 'jpeg', 'ods', 'odt', 'odp', 'pdf', 'png','ppt', 'pptx', 'rar', 'sld', 'tif', 'tiff', 'txt', 'xls', 'xlsx', 'xml', 'zip', 'gz', 'qml']
GEODATABASE_URL=postgis://h05geonode:Changeme!@h05-srv-dbp96.jrc.it:5432/d6geonodegis
GEONODE_GEODATABASE_PASSWORD=geonode_data
IS_CELERY=false
GEONODE_DATABASE_PASSWORD=geonode
PYTHON_PIP_VERSION=19.2.1
http_proxy=http://10.168.209.73:8012
GEOSERVER_PUBLIC_LOCATION=http://h05-dev-vm36.jrc.it/geoserver/
GEOSERVER_ADMIN_PASSWORD=RaN6wAGxrSmAEKRu
PYTHON_GET_PIP_SHA256=56bb63d3cf54e7444351256f72a60f575f6d8c7f1faacffae33167afc8e7609d
GEOIP_PATH=/mnt/volumes/statics/geoip.db
SITE_HOST_SCHEMA=http
GEONODE_GEODATABASE=geonode_data
PYTHON_GET_PIP_URL=https://github.com/pypa/get-pip/raw/404c9418e33c5031b1a9ab623168b3e8a2ed8c88/get-pip.py
GEOSERVER_ADMIN_USER=gndadm
GEONODE_DATABASE=geonode
PATH=/usr/local/bin:/usr/local/sbin:/usr/local/bin:/usr/sbin:/usr/bin:/sbin:/bin
GEONODE_LB_PORT=80
DOCKER_ENV=production
DOCKER_API_VERSION="1.24"
GEOSERVER_WEB_UI_LOCATION=http://h05-dev-vm36.jrc.it/geoserver/
DEBUG=False
MEDIA_ROOT=/mnt/volumes/statics/uploaded/
**************************migrations*******************************
[36;1mOperations to perform:[0m
[1m  Apply all migrations: [0maccount, actstream, admin, agon_ratings, announcements, auth, avatar, base, contenttypes, dialogos, documents, favorite, geonode_client, geonode_themes, groups, guardian, invitations, layers, maps, mapstore2_adapter, monitoring, oauth2_provider, people, pinax_notifications, services, sessions, sites, socialaccount, taggit, tastypie, upload, user_messages
[36;1mRunning migrations:[0m
  No migrations to apply.
[31m  Your models have changes that are not yet reflected in a migration, and so won't be applied.[0m
[31m  Run 'manage.py makemigrations' to make new migrations, and then re-run 'manage.py migrate' to apply them.[0m
